<?xml version="1.0" encoding="UTF-8"?>
<!-- Generated by org.testng.reporters.JUnitReportReporter -->
<testsuite hostname="DESKTOP-C7K84SR" failures="0" tests="2" name="testCases.TC001_LoginLogout" time="9.860" errors="0" timestamp="2021-11-25T21:48:28 BDT" skipped="0">
  <testcase classname="testCases.TC001_LoginLogout" name="LoginLogOut" time="4.562"/>
  <testcase classname="testCases.TC001_LoginLogout" name="LoginLogOut" time="5.298"/>
</testsuite> <!-- testCases.TC001_LoginLogout -->
