<?xml version="1.0" encoding="UTF-8"?>
<!-- Generated by org.testng.reporters.JUnitReportReporter -->
<testsuite hostname="DESKTOP-C7K84SR" failures="0" tests="1" name="testCases.TC003_EditLead" time="12.196" errors="0" timestamp="2021-11-27T23:22:56 BDT" skipped="0">
  <testcase classname="testCases.TC003_EditLead" name="editLead" time="12.196"/>
</testsuite> <!-- testCases.TC003_EditLead -->
